<?xml version="1.0" encoding="UTF-8"?>
<!-- Generated by org.testng.reporters.JUnitReportReporter -->
<testsuite hostname="Neeshu-SB" failures="0" tests="4" name="testCases.TC03_PutRequest" time="10.056" errors="0" timestamp="2022-04-21T12:07:50 PDT" skipped="0">
  <testcase classname="testCases.TC03_PutRequest" name="CreateJobs" time="1.489"/>
  <system-out/>
  <testcase classname="testCases.TC03_PutRequest" name="CreateJobs" time="1.254"/>
  <system-out/>
  <testcase classname="testCases.TC03_PutRequest" name="CreateJobs" time="6.029"/>
  <system-out/>
  <testcase classname="testCases.TC03_PutRequest" name="CreateJobs" time="1.284"/>
  <system-out/>
</testsuite> <!-- testCases.TC03_PutRequest -->
