<?xml version="1.0" encoding="UTF-8"?>
<!-- Generated by org.testng.reporters.JUnitReportReporter -->
<testsuite hostname="Neeshu-SB" failures="0" tests="4" name="JobsAPI_CRUDMethods.PostRequest" time="10.828" errors="0" timestamp="2022-04-04T12:28:14 PDT" skipped="0">
  <testcase classname="JobsAPI_CRUDMethods.PostRequest" name="CreateJobs" time="0.905"/>
  <system-out/>
  <testcase classname="JobsAPI_CRUDMethods.PostRequest" name="CreateJobs" time="1.510"/>
  <system-out/>
  <testcase classname="JobsAPI_CRUDMethods.PostRequest" name="CreateJobs" time="7.219"/>
  <system-out/>
  <testcase classname="JobsAPI_CRUDMethods.PostRequest" name="CreateJobs" time="1.194"/>
  <system-out/>
</testsuite> <!-- JobsAPI_CRUDMethods.PostRequest -->
