<?xml version="1.0" encoding="UTF-8"?>
<!-- Generated by org.testng.reporters.JUnitReportReporter -->
<testsuite hostname="Neeshu-SB" failures="0" tests="4" name="com.jobsapi.testcases.TC04_DeleteRequest" time="6.199" errors="0" timestamp="2022-04-18T18:24:26 PDT" skipped="0">
  <testcase classname="com.jobsapi.testcases.TC04_DeleteRequest" name="CreateJobs" time="0.684"/>
  <system-out/>
  <testcase classname="com.jobsapi.testcases.TC04_DeleteRequest" name="CreateJobs" time="4.125"/>
  <system-out/>
  <testcase classname="com.jobsapi.testcases.TC04_DeleteRequest" name="CreateJobs" time="0.719"/>
  <system-out/>
  <testcase classname="com.jobsapi.testcases.TC04_DeleteRequest" name="CreateJobs" time="0.671"/>
  <system-out/>
</testsuite> <!-- com.jobsapi.testcases.TC04_DeleteRequest -->
