<?xml version="1.0" encoding="UTF-8"?>
<!-- Generated by org.testng.reporters.JUnitReportReporter -->
<testsuite hostname="Neeshu-SB" failures="0" tests="4" name="JobsAPI_CRUDMethods.PutRequest2" time="6.536" errors="0" timestamp="2022-04-03T21:35:20 PDT" skipped="0">
  <testcase classname="JobsAPI_CRUDMethods.PutRequest2" name="CreateJobs" time="0.690"/>
  <system-out/>
  <testcase classname="JobsAPI_CRUDMethods.PutRequest2" name="CreateJobs" time="0.727"/>
  <system-out/>
  <testcase classname="JobsAPI_CRUDMethods.PutRequest2" name="CreateJobs" time="4.437"/>
  <system-out/>
  <testcase classname="JobsAPI_CRUDMethods.PutRequest2" name="CreateJobs" time="0.682"/>
  <system-out/>
</testsuite> <!-- JobsAPI_CRUDMethods.PutRequest2 -->
