<?xml version="1.0" encoding="UTF-8"?>
<!-- Generated by org.testng.reporters.JUnitReportReporter -->
<testsuite hostname="Neeshu-SB" failures="0" tests="1" name="JobsAPI_CRUDMethods.DeleteRequest" time="3.092" errors="0" timestamp="2022-04-04T09:49:00 PDT" skipped="0">
  <testcase classname="JobsAPI_CRUDMethods.DeleteRequest" name="CreateJobs" time="3.092"/>
  <system-out/>
</testsuite> <!-- JobsAPI_CRUDMethods.DeleteRequest -->
