<?xml version="1.0" encoding="UTF-8"?>
<!-- Generated by org.testng.reporters.JUnitReportReporter -->
<testsuite hostname="Neeshu-SB" failures="0" tests="1" name="JobsAPI.PostRequest" time="3.579" errors="0" timestamp="2022-04-01T17:35:04 PDT" skipped="0">
  <testcase classname="JobsAPI.PostRequest" name="CreateJobs" time="3.579"/>
  <system-out/>
</testsuite> <!-- JobsAPI.PostRequest -->
