<?xml version="1.0" encoding="UTF-8"?>
<!-- Generated by org.testng.reporters.JUnitReportReporter -->
<testsuite hostname="Neeshu-SB" failures="0" tests="4" name="JobsAPI_CRUDMethods.PutRequest" time="6.541" errors="0" timestamp="2022-04-04T09:32:54 PDT" skipped="0">
  <testcase classname="JobsAPI_CRUDMethods.PutRequest" name="CreateJobs" time="0.686"/>
  <system-out/>
  <testcase classname="JobsAPI_CRUDMethods.PutRequest" name="CreateJobs" time="0.632"/>
  <system-out/>
  <testcase classname="JobsAPI_CRUDMethods.PutRequest" name="CreateJobs" time="4.542"/>
  <system-out/>
  <testcase classname="JobsAPI_CRUDMethods.PutRequest" name="CreateJobs" time="0.681"/>
  <system-out/>
</testsuite> <!-- JobsAPI_CRUDMethods.PutRequest -->
