<?xml version="1.0" encoding="UTF-8"?>
<!-- Generated by org.testng.reporters.JUnitReportReporter -->
<testsuite hostname="Neeshu-SB" failures="0" tests="4" name="com.jobsapi.testcases.TC03_PutRequest" time="8.375" errors="0" timestamp="2022-04-18T18:23:50 PDT" skipped="0">
  <testcase classname="com.jobsapi.testcases.TC03_PutRequest" name="CreateJobs" time="0.864"/>
  <system-out/>
  <testcase classname="com.jobsapi.testcases.TC03_PutRequest" name="CreateJobs" time="0.776"/>
  <system-out/>
  <testcase classname="com.jobsapi.testcases.TC03_PutRequest" name="CreateJobs" time="5.994"/>
  <system-out/>
  <testcase classname="com.jobsapi.testcases.TC03_PutRequest" name="CreateJobs" time="0.741"/>
  <system-out/>
</testsuite> <!-- com.jobsapi.testcases.TC03_PutRequest -->
