<?xml version="1.0" encoding="UTF-8"?>
<!-- Generated by org.testng.reporters.JUnitReportReporter -->
<testsuite hostname="Neeshu-SB" failures="0" tests="4" name="testCases.TC02_PostRequest" time="10.644" errors="0" timestamp="2022-04-21T12:05:36 PDT" skipped="0">
  <testcase classname="testCases.TC02_PostRequest" name="CreateJobs" time="6.414"/>
  <system-out/>
  <testcase classname="testCases.TC02_PostRequest" name="CreateJobs" time="1.365"/>
  <system-out/>
  <testcase classname="testCases.TC02_PostRequest" name="CreateJobs" time="1.462"/>
  <system-out/>
  <testcase classname="testCases.TC02_PostRequest" name="CreateJobs" time="1.403"/>
  <system-out/>
</testsuite> <!-- testCases.TC02_PostRequest -->
