<?xml version="1.0" encoding="UTF-8"?>
<!-- Generated by org.testng.reporters.JUnitReportReporter -->
<testsuite hostname="Neeshu-SB" failures="0" tests="4" name="testCases.TC01_GetRequest" time="13.147" errors="0" timestamp="2022-04-18T22:26:28 PDT" skipped="0">
  <testcase classname="testCases.TC01_GetRequest" name="GetAllJobs" time="12.224"/>
  <system-out/>
  <testcase classname="testCases.TC01_GetRequest" name="CheckResponseBody" time="0.108"/>
  <system-out/>
  <testcase classname="testCases.TC01_GetRequest" name="CheckStatusCode" time="0.002"/>
  <system-out/>
  <testcase classname="testCases.TC01_GetRequest" name="ValidateJsonSchema" time="0.813"/>
  <system-out/>
</testsuite> <!-- testCases.TC01_GetRequest -->
