<?xml version="1.0" encoding="UTF-8"?>
<!-- Generated by org.testng.reporters.JUnitReportReporter -->
<testsuite hostname="Neeshu-SB" failures="0" tests="2" name="JobsAPI.GetRequest" time="4.374" errors="0" timestamp="2022-04-01T22:48:54 PDT" skipped="0">
  <testcase classname="JobsAPI.GetRequest" name="getAllJobs" time="2.979"/>
  <system-out/>
  <testcase classname="JobsAPI.GetRequest" name="ValidateJsonSchema" time="1.395"/>
  <system-out/>
</testsuite> <!-- JobsAPI.GetRequest -->
