<?xml version="1.0" encoding="UTF-8"?>
<!-- Generated by org.testng.reporters.JUnitReportReporter -->
<testsuite hostname="Neeshu-SB" failures="0" tests="4" name="JobsAPI_CRUDMethods.DeleteRequest2" time="4.638" errors="0" timestamp="2022-04-04T09:50:01 PDT" skipped="0">
  <testcase classname="JobsAPI_CRUDMethods.DeleteRequest2" name="CreateJobs" time="0.637"/>
  <system-out/>
  <testcase classname="JobsAPI_CRUDMethods.DeleteRequest2" name="CreateJobs" time="0.540"/>
  <system-out/>
  <testcase classname="JobsAPI_CRUDMethods.DeleteRequest2" name="CreateJobs" time="0.533"/>
  <system-out/>
  <testcase classname="JobsAPI_CRUDMethods.DeleteRequest2" name="CreateJobs" time="2.928"/>
  <system-out/>
</testsuite> <!-- JobsAPI_CRUDMethods.DeleteRequest2 -->
