<?xml version="1.0" encoding="UTF-8"?>
<!-- Generated by org.testng.reporters.JUnitReportReporter -->
<testsuite hostname="Neeshu-SB" failures="0" tests="1" name="JobsAPI_CRUDMethods.GetRequest2" time="5.077" errors="0" timestamp="2022-04-02T12:58:06 PDT" skipped="0">
  <testcase classname="JobsAPI_CRUDMethods.GetRequest2" name="printAllJobs" time="5.077"/>
  <system-out/>
</testsuite> <!-- JobsAPI_CRUDMethods.GetRequest2 -->
