<?xml version="1.0" encoding="UTF-8"?>
<!-- Generated by org.testng.reporters.JUnitReportReporter -->
<testsuite hostname="Neeshu-SB" failures="0" tests="4" name="com.jobsapi.testcases.TC02_PostRequest" time="7.260" errors="0" timestamp="2022-04-18T18:23:03 PDT" skipped="0">
  <testcase classname="com.jobsapi.testcases.TC02_PostRequest" name="CreateJobs" time="0.755"/>
  <system-out/>
  <testcase classname="com.jobsapi.testcases.TC02_PostRequest" name="CreateJobs" time="0.854"/>
  <system-out/>
  <testcase classname="com.jobsapi.testcases.TC02_PostRequest" name="CreateJobs" time="0.757"/>
  <system-out/>
  <testcase classname="com.jobsapi.testcases.TC02_PostRequest" name="CreateJobs" time="4.894"/>
  <system-out/>
</testsuite> <!-- com.jobsapi.testcases.TC02_PostRequest -->
