<?xml version="1.0" encoding="UTF-8"?>
<!-- Generated by org.testng.reporters.JUnitReportReporter -->
<testsuite hostname="Neeshu-SB" failures="0" tests="4" name="com.jobsapi.testcases.TC01_GetRequest" time="3.829" errors="0" timestamp="2022-04-18T18:21:12 PDT" skipped="0">
  <testcase classname="com.jobsapi.testcases.TC01_GetRequest" name="GetAllJobs" time="2.976"/>
  <system-out/>
  <testcase classname="com.jobsapi.testcases.TC01_GetRequest" name="CheckResponseBody" time="0.119"/>
  <system-out/>
  <testcase classname="com.jobsapi.testcases.TC01_GetRequest" name="CheckStatusCode" time="0.007"/>
  <system-out/>
  <testcase classname="com.jobsapi.testcases.TC01_GetRequest" name="ValidateJsonSchema" time="0.727"/>
  <system-out/>
</testsuite> <!-- com.jobsapi.testcases.TC01_GetRequest -->
