<?xml version="1.0" encoding="UTF-8"?>
<!-- Generated by org.testng.reporters.JUnitReportReporter -->
<testsuite hostname="Neeshu-SB" failures="0" tests="2" name="JobsAPI_CRUDMethods.GetRequest" time="4.697" errors="0" timestamp="2022-04-04T11:13:00 PDT" skipped="0">
  <testcase classname="JobsAPI_CRUDMethods.GetRequest" name="getAllJobs" time="3.359"/>
  <system-out/>
  <testcase classname="JobsAPI_CRUDMethods.GetRequest" name="ValidateJsonSchema" time="1.338"/>
  <system-out/>
</testsuite> <!-- JobsAPI_CRUDMethods.GetRequest -->
